Start testing: Feb 03 00:01 IST
----------------------------------------------------------
1/1 Testing: unit_tests
1/1 Test: unit_tests
Command: "/Users/piyushparashar/Project/metal_test_cpp/build/run_tests"
Directory: /Users/piyushparashar/Project/metal_test_cpp/build
"unit_tests" start time: Feb 03 00:01 IST
Output:
----------------------------------------------------------
Running main() from /Users/piyushparashar/Project/metal_test_cpp/third_party/googletest/googletest/src/gtest_main.cc
[==========] Running 6 tests from 2 test suites.
[----------] Global test environment set-up.
[----------] 2 tests from MatrixUtils
[ RUN      ] MatrixUtils.Perspective
[       OK ] MatrixUtils.Perspective (0 ms)
[ RUN      ] MatrixUtils.LookAt
[       OK ] MatrixUtils.LookAt (0 ms)
[----------] 2 tests from MatrixUtils (0 ms total)

[----------] 4 tests from CameraTest
[ RUN      ] CameraTest.MakeCamera
[       OK ] CameraTest.MakeCamera (0 ms)
[ RUN      ] CameraTest.UpdateCameraPosition
[       OK ] CameraTest.UpdateCameraPosition (0 ms)
[ RUN      ] CameraTest.UpdateCameraBounds
[       OK ] CameraTest.UpdateCameraBounds (0 ms)
[ RUN      ] CameraTest.PitchClamp
[       OK ] CameraTest.PitchClamp (0 ms)
[----------] 4 tests from CameraTest (0 ms total)

[----------] Global test environment tear-down
[==========] 6 tests from 2 test suites ran. (0 ms total)
[  PASSED  ] 6 tests.
<end of output>
Test time =   0.68 sec
----------------------------------------------------------
Test Passed.
"unit_tests" end time: Feb 03 00:01 IST
"unit_tests" time elapsed: 00:00:00
----------------------------------------------------------

End testing: Feb 03 00:01 IST
